<?xml version="1.0" encoding="utf-8"?><testsuites name="pytest tests"><testsuite name="pytest" errors="0" failures="0" skipped="0" tests="7" time="1.569" timestamp="2026-09-12T11:40:47.158293+00:00" hostname="agent-env-9c1e1fae-1f63-40b5-b979-09c84d81a531"><testcase classname="tests.test_custodian_api.TestCustodianApi" name="test_experiences_returns_six_seeded_records" time="0.157" /><testcase classname="tests.test_custodian_api.TestCustodianApi" name="test_category_filter[Food-1]" time="0.108" /><testcase classname="tests.test_custodian_api.TestCustodianApi" name="test_category_filter[Craft-1]" time="0.123" /><testcase classname="tests.test_custodian_api.TestCustodianApi" name="test_category_filter[Nature / Fishing-2]" time="0.106" /><testcase classname="tests.test_custodian_api.TestCustodianApi" name="test_detail_and_missing_detail" time="0.225" /><testcase classname="tests.test_custodian_api.TestCustodianApi" name="test_booking_returns_pending_confirmation" time="0.108" /><testcase classname="tests.test_custodian_api.TestCustodianApi" name="test_legacy_rejects_blank_and_accepts_question" time="0.227" /></testsuite></testsuites>