<?xml version="1.0" encoding="utf-8"?><testsuites name="pytest tests"><testsuite name="pytest" errors="0" failures="0" skipped="0" tests="7" time="1.910" timestamp="2026-09-14T18:25:55.979229+00:00" hostname="agent-env-9c1e1fae-1f63-40b5-b979-09c84d81a531"><testcase classname="tests.test_custodian_api.TestCustodianApi" name="test_experiences_returns_six_seeded_records" time="0.172" /><testcase classname="tests.test_custodian_api.TestCustodianApi" name="test_category_filter[Food-1]" time="0.160" /><testcase classname="tests.test_custodian_api.TestCustodianApi" name="test_category_filter[Craft-1]" time="0.144" /><testcase classname="tests.test_custodian_api.TestCustodianApi" name="test_category_filter[Nature / Fishing-2]" time="0.146" /><testcase classname="tests.test_custodian_api.TestCustodianApi" name="test_detail_and_missing_detail" time="0.319" /><testcase classname="tests.test_custodian_api.TestCustodianApi" name="test_booking_returns_pending_confirmation" time="0.143" /><testcase classname="tests.test_custodian_api.TestCustodianApi" name="test_legacy_rejects_blank_and_accepts_question" time="0.335" /></testsuite></testsuites>